Build started 30.10.2016 23:48:34.
     1>Project "C:\Users\User\Documents\Visual Studio 2013\Projects\CameraColor\CameraColor\CameraColor.vcxproj" on node 2 (Build target(s)).
     1>ClCompile:
         C:\Program Files (x86)\Microsoft Visual Studio 12.0\VC\bin\CL.exe /c /I"C:\Users\User\Documents\Visual Studio 2013\Projects\CameraColor\packages\OpenCV.2.4.10\build\native\../../build/native/include/" /ZI /nologo /W3 /WX- /Od /Oy- /D HAS_OPENCV /D WIN32 /D _DEBUG /D _CONSOLE /D _LIB /D _UNICODE /D UNICODE /Gm /EHsc /RTC1 /MDd /GS /fp:precise /Zc:wchar_t /Zc:forScope /Fo"Debug\\" /Fd"Debug\vc120.pdb" /Gd /TP /analyze- /errorReport:prompt Source.cpp
         Source.cpp
     1>c:\users\user\documents\visual studio 2013\projects\cameracolor\packages\opencv.2.4.10\build\native\include\opencv2\flann\logger.h(66): warning C4996: 'fopen': This function or variable may be unsafe. Consider using fopen_s instead. To disable deprecation, use _CRT_SECURE_NO_WARNINGS. See online help for details.
                 c:\program files (x86)\microsoft visual studio 12.0\vc\include\stdio.h(211) : see declaration of 'fopen'
     1>c:\users\user\documents\visual studio 2013\projects\cameracolor\cameracolor\source.cpp(51): warning C4244: 'initializing' : conversion from 'double' to 'const int', possible loss of data
     1>c:\users\user\documents\visual studio 2013\projects\cameracolor\cameracolor\source.cpp(231): warning C4996: 'localtime': This function or variable may be unsafe. Consider using localtime_s instead. To disable deprecation, use _CRT_SECURE_NO_WARNINGS. See online help for details.
                 c:\program files (x86)\microsoft visual studio 12.0\vc\include\time.inl(112) : see declaration of 'localtime'
     1>c:\users\user\documents\visual studio 2013\projects\cameracolor\cameracolor\source.cpp(240): warning C4996: 'localtime': This function or variable may be unsafe. Consider using localtime_s instead. To disable deprecation, use _CRT_SECURE_NO_WARNINGS. See online help for details.
                 c:\program files (x86)\microsoft visual studio 12.0\vc\include\time.inl(112) : see declaration of 'localtime'
     1>c:\users\user\documents\visual studio 2013\projects\cameracolor\cameracolor\source.cpp(251): warning C4996: 'localtime': This function or variable may be unsafe. Consider using localtime_s instead. To disable deprecation, use _CRT_SECURE_NO_WARNINGS. See online help for details.
                 c:\program files (x86)\microsoft visual studio 12.0\vc\include\time.inl(112) : see declaration of 'localtime'
     1>c:\users\user\documents\visual studio 2013\projects\cameracolor\cameracolor\source.cpp(260): warning C4996: 'localtime': This function or variable may be unsafe. Consider using localtime_s instead. To disable deprecation, use _CRT_SECURE_NO_WARNINGS. See online help for details.
                 c:\program files (x86)\microsoft visual studio 12.0\vc\include\time.inl(112) : see declaration of 'localtime'
     1>c:\users\user\documents\visual studio 2013\projects\cameracolor\cameracolor\source.cpp(1177): warning C4996: 'localtime': This function or variable may be unsafe. Consider using localtime_s instead. To disable deprecation, use _CRT_SECURE_NO_WARNINGS. See online help for details.
                 c:\program files (x86)\microsoft visual studio 12.0\vc\include\time.inl(112) : see declaration of 'localtime'
     1>c:\users\user\documents\visual studio 2013\projects\cameracolor\cameracolor\source.cpp(1185): warning C4996: 'localtime': This function or variable may be unsafe. Consider using localtime_s instead. To disable deprecation, use _CRT_SECURE_NO_WARNINGS. See online help for details.
                 c:\program files (x86)\microsoft visual studio 12.0\vc\include\time.inl(112) : see declaration of 'localtime'
     1>c:\users\user\documents\visual studio 2013\projects\cameracolor\cameracolor\source.cpp(1220): warning C4101: 'BackgroundName' : unreferenced local variable
     1>c:\users\user\documents\visual studio 2013\projects\cameracolor\cameracolor\source.cpp(1368): warning C4244: '=' : conversion from 'int64' to 'int', possible loss of data
     1>c:\users\user\documents\visual studio 2013\projects\cameracolor\cameracolor\source.cpp(1529): warning C4996: 'sprintf': This function or variable may be unsafe. Consider using sprintf_s instead. To disable deprecation, use _CRT_SECURE_NO_WARNINGS. See online help for details.
                 c:\program files (x86)\microsoft visual studio 12.0\vc\include\stdio.h(356) : see declaration of 'sprintf'
     1>c:\users\user\documents\visual studio 2013\projects\cameracolor\cameracolor\source.cpp(1530): warning C4996: 'sprintf': This function or variable may be unsafe. Consider using sprintf_s instead. To disable deprecation, use _CRT_SECURE_NO_WARNINGS. See online help for details.
                 c:\program files (x86)\microsoft visual studio 12.0\vc\include\stdio.h(356) : see declaration of 'sprintf'
     1>c:\users\user\documents\visual studio 2013\projects\cameracolor\cameracolor\source.cpp(1531): warning C4996: 'sprintf': This function or variable may be unsafe. Consider using sprintf_s instead. To disable deprecation, use _CRT_SECURE_NO_WARNINGS. See online help for details.
                 c:\program files (x86)\microsoft visual studio 12.0\vc\include\stdio.h(356) : see declaration of 'sprintf'
     1>c:\users\user\documents\visual studio 2013\projects\cameracolor\cameracolor\source.cpp(1532): warning C4996: 'sprintf': This function or variable may be unsafe. Consider using sprintf_s instead. To disable deprecation, use _CRT_SECURE_NO_WARNINGS. See online help for details.
                 c:\program files (x86)\microsoft visual studio 12.0\vc\include\stdio.h(356) : see declaration of 'sprintf'
     1>c:\users\user\documents\visual studio 2013\projects\cameracolor\cameracolor\source.cpp(1533): warning C4996: 'sprintf': This function or variable may be unsafe. Consider using sprintf_s instead. To disable deprecation, use _CRT_SECURE_NO_WARNINGS. See online help for details.
                 c:\program files (x86)\microsoft visual studio 12.0\vc\include\stdio.h(356) : see declaration of 'sprintf'
     1>c:\users\user\documents\visual studio 2013\projects\cameracolor\cameracolor\source.cpp(1534): warning C4996: 'sprintf': This function or variable may be unsafe. Consider using sprintf_s instead. To disable deprecation, use _CRT_SECURE_NO_WARNINGS. See online help for details.
                 c:\program files (x86)\microsoft visual studio 12.0\vc\include\stdio.h(356) : see declaration of 'sprintf'
     1>c:\users\user\documents\visual studio 2013\projects\cameracolor\cameracolor\source.cpp(1744): warning C4244: '=' : conversion from 'double' to 'int', possible loss of data
     1>c:\users\user\documents\visual studio 2013\projects\cameracolor\cameracolor\source.cpp(1745): warning C4244: '=' : conversion from 'double' to 'int', possible loss of data
       Link:
         C:\Program Files (x86)\Microsoft Visual Studio 12.0\VC\bin\link.exe /ERRORREPORT:PROMPT /OUT:"C:\Users\User\Documents\Visual Studio 2013\Projects\CameraColor\Debug\CameraColor.exe" /INCREMENTAL /NOLOGO "C:\Users\User\Documents\Visual Studio 2013\Projects\CameraColor\packages\OpenCV.2.4.10\build\native\../../build/native/lib/Win32/v120/Debug/opencv_videostab2410d.lib" "C:\Users\User\Documents\Visual Studio 2013\Projects\CameraColor\packages\OpenCV.2.4.10\build\native\../../build/native/lib/Win32/v120/Debug/opencv_video2410d.lib" "C:\Users\User\Documents\Visual Studio 2013\Projects\CameraColor\packages\OpenCV.2.4.10\build\native\../../build/native/lib/Win32/v120/Debug/opencv_ts2410d.lib" "C:\Users\User\Documents\Visual Studio 2013\Projects\CameraColor\packages\OpenCV.2.4.10\build\native\../../build/native/lib/Win32/v120/Debug/opencv_superres2410d.lib" "C:\Users\User\Documents\Visual Studio 2013\Projects\CameraColor\packages\OpenCV.2.4.10\build\native\../../build/native/lib/Win32/v120/Debug/opencv_stitching2410d.lib" "C:\Users\User\Documents\Visual Studio 2013\Projects\CameraColor\packages\OpenCV.2.4.10\build\native\../../build/native/lib/Win32/v120/Debug/opencv_photo2410d.lib" "C:\Users\User\Documents\Visual Studio 2013\Projects\CameraColor\packages\OpenCV.2.4.10\build\native\../../build/native/lib/Win32/v120/Debug/opencv_ocl2410d.lib" "C:\Users\User\Documents\Visual Studio 2013\Projects\CameraColor\packages\OpenCV.2.4.10\build\native\../../build/native/lib/Win32/v120/Debug/opencv_objdetect2410d.lib" "C:\Users\User\Documents\Visual Studio 2013\Projects\CameraColor\packages\OpenCV.2.4.10\build\native\../../build/native/lib/Win32/v120/Debug/opencv_nonfree2410d.lib" "C:\Users\User\Documents\Visual Studio 2013\Projects\CameraColor\packages\OpenCV.2.4.10\build\native\../../build/native/lib/Win32/v120/Debug/opencv_ml2410d.lib" "C:\Users\User\Documents\Visual Studio 2013\Projects\CameraColor\packages\OpenCV.2.4.10\build\native\../../build/native/lib/Win32/v120/Debug/opencv_legacy2410d.lib" "C:\Users\User\Documents\Visual Studio 2013\Projects\CameraColor\packages\OpenCV.2.4.10\build\native\../../build/native/lib/Win32/v120/Debug/opencv_imgproc2410d.lib" "C:\Users\User\Documents\Visual Studio 2013\Projects\CameraColor\packages\OpenCV.2.4.10\build\native\../../build/native/lib/Win32/v120/Debug/opencv_highgui2410d.lib" "C:\Users\User\Documents\Visual Studio 2013\Projects\CameraColor\packages\OpenCV.2.4.10\build\native\../../build/native/lib/Win32/v120/Debug/opencv_gpu2410d.lib" "C:\Users\User\Documents\Visual Studio 2013\Projects\CameraColor\packages\OpenCV.2.4.10\build\native\../../build/native/lib/Win32/v120/Debug/opencv_flann2410d.lib" "C:\Users\User\Documents\Visual Studio 2013\Projects\CameraColor\packages\OpenCV.2.4.10\build\native\../../build/native/lib/Win32/v120/Debug/opencv_features2d2410d.lib" "C:\Users\User\Documents\Visual Studio 2013\Projects\CameraColor\packages\OpenCV.2.4.10\build\native\../../build/native/lib/Win32/v120/Debug/opencv_core2410d.lib" "C:\Users\User\Documents\Visual Studio 2013\Projects\CameraColor\packages\OpenCV.2.4.10\build\native\../../build/native/lib/Win32/v120/Debug/opencv_contrib2410d.lib" "C:\Users\User\Documents\Visual Studio 2013\Projects\CameraColor\packages\OpenCV.2.4.10\build\native\../../build/native/lib/Win32/v120/Debug/opencv_calib3d2410d.lib" kernel32.lib user32.lib gdi32.lib winspool.lib comdlg32.lib advapi32.lib shell32.lib ole32.lib oleaut32.lib uuid.lib odbc32.lib odbccp32.lib /MANIFEST /MANIFESTUAC:"level='asInvoker' uiAccess='false'" /manifest:embed /DEBUG /PDB:"C:\Users\User\Documents\Visual Studio 2013\Projects\CameraColor\Debug\CameraColor.pdb" /SUBSYSTEM:CONSOLE /TLBID:1 /DYNAMICBASE /NXCOMPAT /IMPLIB:"C:\Users\User\Documents\Visual Studio 2013\Projects\CameraColor\Debug\CameraColor.lib" /MACHINE:X86 Debug\Source.obj
         CameraColor.vcxproj -> C:\Users\User\Documents\Visual Studio 2013\Projects\CameraColor\Debug\CameraColor.exe
     1>Done Building Project "C:\Users\User\Documents\Visual Studio 2013\Projects\CameraColor\CameraColor\CameraColor.vcxproj" (Build target(s)).

Build succeeded.

Time Elapsed 00:00:03.45
