Build started 31.10.2016 01:09:29.
     1>Project "C:\Users\User\Documents\Visual Studio 2013\Projects\CameraColor\CameraColor\CameraColor.vcxproj" on node 2 (Build target(s)).
     1>ClCompile:
         C:\Program Files (x86)\Microsoft Visual Studio 12.0\VC\bin\CL.exe /c /I"C:\Users\User\Documents\Visual Studio 2013\Projects\CameraColor\packages\OpenCV.2.4.10\build\native\../../build/native/include/" /Zi /nologo /W3 /WX- /O2 /Oi /Oy- /GL /D HAS_OPENCV /D WIN32 /D NDEBUG /D _CONSOLE /D _LIB /D _UNICODE /D UNICODE /Gm- /EHsc /MD /GS /Gy /fp:precise /Zc:wchar_t /Zc:forScope /Fo"Release\\" /Fd"Release\vc120.pdb" /Gd /TP /analyze- /errorReport:prompt CameraTracking.cpp
         CameraTracking.cpp
     1>c:\users\user\documents\visual studio 2013\projects\cameracolor\packages\opencv.2.4.10\build\native\include\opencv2\flann\logger.h(66): warning C4996: 'fopen': This function or variable may be unsafe. Consider using fopen_s instead. To disable deprecation, use _CRT_SECURE_NO_WARNINGS. See online help for details.
                 C:\Program Files (x86)\Microsoft Visual Studio 12.0\VC\include\stdio.h(211) : see declaration of 'fopen'
     1>CameraTracking.cpp(38): warning C4244: 'initializing' : conversion from 'double' to 'const int', possible loss of data
     1>CameraTracking.cpp(135): warning C4996: 'localtime': This function or variable may be unsafe. Consider using localtime_s instead. To disable deprecation, use _CRT_SECURE_NO_WARNINGS. See online help for details.
                 C:\Program Files (x86)\Microsoft Visual Studio 12.0\VC\include\time.inl(112) : see declaration of 'localtime'
     1>CameraTracking.cpp(143): warning C4996: 'localtime': This function or variable may be unsafe. Consider using localtime_s instead. To disable deprecation, use _CRT_SECURE_NO_WARNINGS. See online help for details.
                 C:\Program Files (x86)\Microsoft Visual Studio 12.0\VC\include\time.inl(112) : see declaration of 'localtime'
     1>CameraTracking.cpp(153): warning C4996: 'localtime': This function or variable may be unsafe. Consider using localtime_s instead. To disable deprecation, use _CRT_SECURE_NO_WARNINGS. See online help for details.
                 C:\Program Files (x86)\Microsoft Visual Studio 12.0\VC\include\time.inl(112) : see declaration of 'localtime'
     1>CameraTracking.cpp(161): warning C4996: 'localtime': This function or variable may be unsafe. Consider using localtime_s instead. To disable deprecation, use _CRT_SECURE_NO_WARNINGS. See online help for details.
                 C:\Program Files (x86)\Microsoft Visual Studio 12.0\VC\include\time.inl(112) : see declaration of 'localtime'
     1>CameraTracking.cpp(630): warning C4996: 'localtime': This function or variable may be unsafe. Consider using localtime_s instead. To disable deprecation, use _CRT_SECURE_NO_WARNINGS. See online help for details.
                 C:\Program Files (x86)\Microsoft Visual Studio 12.0\VC\include\time.inl(112) : see declaration of 'localtime'
     1>CameraTracking.cpp(638): warning C4996: 'localtime': This function or variable may be unsafe. Consider using localtime_s instead. To disable deprecation, use _CRT_SECURE_NO_WARNINGS. See online help for details.
                 C:\Program Files (x86)\Microsoft Visual Studio 12.0\VC\include\time.inl(112) : see declaration of 'localtime'
     1>CameraTracking.cpp(671): warning C4101: 'BackgroundName' : unreferenced local variable
     1>CameraTracking.cpp(803): warning C4244: '=' : conversion from 'int64' to 'int', possible loss of data
     1>CameraTracking.cpp(935): warning C4996: 'sprintf': This function or variable may be unsafe. Consider using sprintf_s instead. To disable deprecation, use _CRT_SECURE_NO_WARNINGS. See online help for details.
                 C:\Program Files (x86)\Microsoft Visual Studio 12.0\VC\include\stdio.h(356) : see declaration of 'sprintf'
     1>CameraTracking.cpp(936): warning C4996: 'sprintf': This function or variable may be unsafe. Consider using sprintf_s instead. To disable deprecation, use _CRT_SECURE_NO_WARNINGS. See online help for details.
                 C:\Program Files (x86)\Microsoft Visual Studio 12.0\VC\include\stdio.h(356) : see declaration of 'sprintf'
     1>CameraTracking.cpp(937): warning C4996: 'sprintf': This function or variable may be unsafe. Consider using sprintf_s instead. To disable deprecation, use _CRT_SECURE_NO_WARNINGS. See online help for details.
                 C:\Program Files (x86)\Microsoft Visual Studio 12.0\VC\include\stdio.h(356) : see declaration of 'sprintf'
     1>CameraTracking.cpp(938): warning C4996: 'sprintf': This function or variable may be unsafe. Consider using sprintf_s instead. To disable deprecation, use _CRT_SECURE_NO_WARNINGS. See online help for details.
                 C:\Program Files (x86)\Microsoft Visual Studio 12.0\VC\include\stdio.h(356) : see declaration of 'sprintf'
     1>CameraTracking.cpp(939): warning C4996: 'sprintf': This function or variable may be unsafe. Consider using sprintf_s instead. To disable deprecation, use _CRT_SECURE_NO_WARNINGS. See online help for details.
                 C:\Program Files (x86)\Microsoft Visual Studio 12.0\VC\include\stdio.h(356) : see declaration of 'sprintf'
     1>CameraTracking.cpp(940): warning C4996: 'sprintf': This function or variable may be unsafe. Consider using sprintf_s instead. To disable deprecation, use _CRT_SECURE_NO_WARNINGS. See online help for details.
                 C:\Program Files (x86)\Microsoft Visual Studio 12.0\VC\include\stdio.h(356) : see declaration of 'sprintf'
     1>CameraTracking.cpp(1150): warning C4244: '=' : conversion from 'double' to 'int', possible loss of data
     1>CameraTracking.cpp(1151): warning C4244: '=' : conversion from 'double' to 'int', possible loss of data
       Link:
         C:\Program Files (x86)\Microsoft Visual Studio 12.0\VC\bin\link.exe /ERRORREPORT:PROMPT /OUT:"C:\Users\User\Documents\Visual Studio 2013\Projects\CameraColor\Release\CameraColor.exe" /INCREMENTAL:NO /NOLOGO "C:\Users\User\Documents\Visual Studio 2013\Projects\CameraColor\packages\OpenCV.2.4.10\build\native\../../build/native/lib/Win32/v120/Release/opencv_videostab2410.lib" "C:\Users\User\Documents\Visual Studio 2013\Projects\CameraColor\packages\OpenCV.2.4.10\build\native\../../build/native/lib/Win32/v120/Release/opencv_video2410.lib" "C:\Users\User\Documents\Visual Studio 2013\Projects\CameraColor\packages\OpenCV.2.4.10\build\native\../../build/native/lib/Win32/v120/Release/opencv_ts2410.lib" "C:\Users\User\Documents\Visual Studio 2013\Projects\CameraColor\packages\OpenCV.2.4.10\build\native\../../build/native/lib/Win32/v120/Release/opencv_superres2410.lib" "C:\Users\User\Documents\Visual Studio 2013\Projects\CameraColor\packages\OpenCV.2.4.10\build\native\../../build/native/lib/Win32/v120/Release/opencv_stitching2410.lib" "C:\Users\User\Documents\Visual Studio 2013\Projects\CameraColor\packages\OpenCV.2.4.10\build\native\../../build/native/lib/Win32/v120/Release/opencv_photo2410.lib" "C:\Users\User\Documents\Visual Studio 2013\Projects\CameraColor\packages\OpenCV.2.4.10\build\native\../../build/native/lib/Win32/v120/Release/opencv_ocl2410.lib" "C:\Users\User\Documents\Visual Studio 2013\Projects\CameraColor\packages\OpenCV.2.4.10\build\native\../../build/native/lib/Win32/v120/Release/opencv_objdetect2410.lib" "C:\Users\User\Documents\Visual Studio 2013\Projects\CameraColor\packages\OpenCV.2.4.10\build\native\../../build/native/lib/Win32/v120/Release/opencv_nonfree2410.lib" "C:\Users\User\Documents\Visual Studio 2013\Projects\CameraColor\packages\OpenCV.2.4.10\build\native\../../build/native/lib/Win32/v120/Release/opencv_ml2410.lib" "C:\Users\User\Documents\Visual Studio 2013\Projects\CameraColor\packages\OpenCV.2.4.10\build\native\../../build/native/lib/Win32/v120/Release/opencv_legacy2410.lib" "C:\Users\User\Documents\Visual Studio 2013\Projects\CameraColor\packages\OpenCV.2.4.10\build\native\../../build/native/lib/Win32/v120/Release/opencv_imgproc2410.lib" "C:\Users\User\Documents\Visual Studio 2013\Projects\CameraColor\packages\OpenCV.2.4.10\build\native\../../build/native/lib/Win32/v120/Release/opencv_highgui2410.lib" "C:\Users\User\Documents\Visual Studio 2013\Projects\CameraColor\packages\OpenCV.2.4.10\build\native\../../build/native/lib/Win32/v120/Release/opencv_gpu2410.lib" "C:\Users\User\Documents\Visual Studio 2013\Projects\CameraColor\packages\OpenCV.2.4.10\build\native\../../build/native/lib/Win32/v120/Release/opencv_flann2410.lib" "C:\Users\User\Documents\Visual Studio 2013\Projects\CameraColor\packages\OpenCV.2.4.10\build\native\../../build/native/lib/Win32/v120/Release/opencv_features2d2410.lib" "C:\Users\User\Documents\Visual Studio 2013\Projects\CameraColor\packages\OpenCV.2.4.10\build\native\../../build/native/lib/Win32/v120/Release/opencv_core2410.lib" "C:\Users\User\Documents\Visual Studio 2013\Projects\CameraColor\packages\OpenCV.2.4.10\build\native\../../build/native/lib/Win32/v120/Release/opencv_contrib2410.lib" "C:\Users\User\Documents\Visual Studio 2013\Projects\CameraColor\packages\OpenCV.2.4.10\build\native\../../build/native/lib/Win32/v120/Release/opencv_calib3d2410.lib" kernel32.lib user32.lib gdi32.lib winspool.lib comdlg32.lib advapi32.lib shell32.lib ole32.lib oleaut32.lib uuid.lib odbc32.lib odbccp32.lib /MANIFEST /MANIFESTUAC:"level='asInvoker' uiAccess='false'" /manifest:embed /DEBUG /PDB:"C:\Users\User\Documents\Visual Studio 2013\Projects\CameraColor\Release\CameraColor.pdb" /SUBSYSTEM:CONSOLE /LARGEADDRESSAWARE /OPT:REF /OPT:ICF /LTCG /TLBID:1 /DYNAMICBASE /NXCOMPAT /IMPLIB:"C:\Users\User\Documents\Visual Studio 2013\Projects\CameraColor\Release\CameraColor.lib" /MACHINE:X86 /SAFESEH Release\CameraTracking.obj
         Generating code
         Finished generating code
         CameraColor.vcxproj -> C:\Users\User\Documents\Visual Studio 2013\Projects\CameraColor\Release\CameraColor.exe
     1>Done Building Project "C:\Users\User\Documents\Visual Studio 2013\Projects\CameraColor\CameraColor\CameraColor.vcxproj" (Build target(s)).

Build succeeded.

Time Elapsed 00:00:12.16
